<?xml version="1.0" encoding="UTF-8"?>
<!-- Generated by org.testng.reporters.JUnitXMLReporter -->
<testsuite ignored="0" hostname="LAPTOP-PTSLO3OM" failures="1" tests="2" name="Error Validations" time="207.138" errors="0" timestamp="2024-03-04T17:28:27 IST">
  <testcase classname="datadriven.AutomationFrameworkTesting.ErrorValidations" name="submitOrder1" time="9.801">
    <skipped/>
  </testcase> <!-- submitOrder1 -->
  <testcase classname="datadriven.AutomationFrameworkTesting.ErrorValidations" name="submitOrder1" time="6.119">
    <failure type="java.lang.AssertionError" message="expected [Incorrect email or password.] but found []">
      <![CDATA[java.lang.AssertionError: expected [Incorrect email or password.] but found []
at datadriven.AutomationFrameworkTesting.ErrorValidations.submitOrder1(ErrorValidations.java:18)
at java.base/java.util.ArrayList.forEach(ArrayList.java:1596)
at java.base/java.util.concurrent.FutureTask.run(FutureTask.java:317)
at java.base/java.util.concurrent.ThreadPoolExecutor.runWorker(ThreadPoolExecutor.java:1144)
at java.base/java.util.concurrent.ThreadPoolExecutor$Worker.run(ThreadPoolExecutor.java:642)
at java.base/java.lang.Thread.run(Thread.java:1583)
... Removed 21 stack frames]]>
    </failure>
  </testcase> <!-- submitOrder1 -->
</testsuite> <!-- Error Validations -->
